<?xml version="1.0" encoding="UTF-8"?>
<testsuites name="jest tests" tests="4" failures="0" time="3.687">
  <testsuite name="Zadanie nr. 2" errors="0" failures="0" skipped="0" timestamp="2020-03-10T18:03:59" time="3.2" tests="4">
    <testcase classname="Zadanie nr. 2" name="Dodano div 300 x 300" time="0.008">
    </testcase>
    <testcase classname="Zadanie nr. 2" name="Dodano parametr trwania transition" time="0.003">
    </testcase>
    <testcase classname="Zadanie nr. 2" name="Dodano informacje jaka właściwość podlega transition" time="0.003">
    </testcase>
    <testcase classname="Zadanie nr. 2" name="Dodano zmianę na hover" time="1.117">
    </testcase>
  </testsuite>
</testsuites>